2026-03-02 09:42:47,528 | INFO     | === INGESTION START ===
2026-03-02 09:42:47,646 | ERROR    | FAILED: Not found: data/raw/enrollment_data_raw.csv
2026-03-02 09:42:47,855 | INFO     | Python Server ready to receive messages
2026-03-02 09:42:48,092 | INFO     | Received command c on object id p0
2026-03-02 09:42:48,855 | INFO     | Received command c on object id p0
2026-03-02 09:42:49,855 | INFO     | Received command c on object id p0
2026-03-02 09:42:50,855 | INFO     | Received command c on object id p0
2026-03-02 09:42:51,855 | INFO     | Received command c on object id p0
2026-03-02 09:42:52,855 | INFO     | Received command c on object id p0
2026-03-02 09:42:53,855 | INFO     | Received command c on object id p0
2026-03-02 09:42:54,855 | INFO     | Received command c on object id p0
2026-03-02 09:42:55,855 | INFO     | Received command c on object id p0
2026-03-02 09:42:56,855 | INFO     | Received command c on object id p0
2026-03-02 09:42:57,855 | INFO     | Received command c on object id p0
2026-03-02 09:42:58,855 | INFO     | Received command c on object id p0
2026-03-02 09:42:59,855 | INFO     | Received command c on object id p0
2026-03-02 09:43:00,855 | INFO     | Received command c on object id p0
2026-03-02 09:43:01,855 | INFO     | Received command c on object id p0
2026-03-02 09:43:02,855 | INFO     | Received command c on object id p0
2026-03-02 09:43:03,855 | INFO     | Received command c on object id p0
2026-03-02 09:43:04,855 | INFO     | Received command c on object id p0
2026-03-02 09:43:05,855 | INFO     | Received command c on object id p0
2026-03-02 09:43:06,855 | INFO     | Received command c on object id p0
2026-03-02 09:43:07,855 | INFO     | Received command c on object id p0
2026-03-02 09:43:08,855 | INFO     | Received command c on object id p0
2026-03-02 09:43:09,855 | INFO     | Received command c on object id p0
2026-03-02 09:43:10,855 | INFO     | Received command c on object id p0
2026-03-02 09:43:11,855 | INFO     | Received command c on object id p0
2026-03-02 09:43:12,855 | INFO     | Received command c on object id p0
2026-03-02 09:43:13,855 | INFO     | Received command c on object id p0
2026-03-02 09:43:14,855 | INFO     | Received command c on object id p0
2026-03-02 09:43:15,855 | INFO     | Received command c on object id p0
2026-03-02 09:43:16,855 | INFO     | Received command c on object id p0
2026-03-02 09:43:17,855 | INFO     | Received command c on object id p0
2026-03-02 09:43:18,855 | INFO     | Received command c on object id p0
2026-03-02 09:43:19,855 | INFO     | Received command c on object id p0
2026-03-02 09:43:20,855 | INFO     | Received command c on object id p0
2026-03-02 09:43:21,855 | INFO     | Received command c on object id p0
2026-03-02 09:43:22,855 | INFO     | Received command c on object id p0
2026-03-02 09:43:23,855 | INFO     | Received command c on object id p0
2026-03-02 09:43:24,855 | INFO     | Received command c on object id p0
2026-03-02 09:43:25,855 | INFO     | Received command c on object id p0
2026-03-02 09:43:26,855 | INFO     | Received command c on object id p0
2026-03-02 09:43:27,855 | INFO     | Received command c on object id p0
2026-03-02 09:43:28,855 | INFO     | Received command c on object id p0
2026-03-02 09:43:29,855 | INFO     | Received command c on object id p0
2026-03-02 09:43:30,855 | INFO     | Received command c on object id p0
2026-03-02 09:43:31,855 | INFO     | Received command c on object id p0
2026-03-02 09:43:32,855 | INFO     | Received command c on object id p0
2026-03-02 09:43:33,855 | INFO     | Received command c on object id p0
2026-03-02 09:43:34,855 | INFO     | Received command c on object id p0
2026-03-02 09:43:35,855 | INFO     | Received command c on object id p0
2026-03-02 09:43:36,855 | INFO     | Received command c on object id p0
2026-03-02 09:43:37,855 | INFO     | Received command c on object id p0
2026-03-02 09:43:38,855 | INFO     | Received command c on object id p0
2026-03-02 09:43:39,855 | INFO     | Received command c on object id p0
2026-03-02 09:43:40,855 | INFO     | Received command c on object id p0
2026-03-02 09:43:41,855 | INFO     | Received command c on object id p0
2026-03-02 09:43:42,855 | INFO     | Received command c on object id p0
2026-03-02 09:43:43,850 | INFO     | Received command c on object id p1
2026-03-02 09:43:43,858 | INFO     | Received command c on object id p0
2026-03-02 09:43:44,102 | INFO     | === INGESTION START ===
2026-03-02 09:43:44,685 | INFO     | File OK: /Volumes/education_analytics/default/education_analytics_platform/enrollment_data_raw.csv (1188.6 KB)
2026-03-02 09:43:44,686 | INFO     | Loading: /Volumes/education_analytics/default/education_analytics_platform/enrollment_data_raw.csv
2026-03-02 09:43:44,761 | INFO     | Loaded: 10,738 rows x 16 columns
2026-03-02 09:43:44,762 | INFO     | Schema OK — 13 required columns present
2026-03-02 09:43:44,785 | INFO     | Missing cells: 2,460
2026-03-02 09:43:44,799 | INFO     | Duplicate rows: 0
2026-03-02 09:43:44,855 | INFO     | Received command c on object id p0
2026-03-02 09:43:45,482 | INFO     | Saved to: data/processed/bronze_raw.csv
2026-03-02 09:43:45,484 | INFO     | === INGESTION COMPLETE ===
2026-03-02 09:43:45,855 | INFO     | Received command c on object id p0
2026-03-02 09:43:46,855 | INFO     | Received command c on object id p0
2026-03-02 09:43:47,855 | INFO     | Received command c on object id p0
2026-03-02 09:43:48,855 | INFO     | Received command c on object id p0
2026-03-02 09:43:49,855 | INFO     | Received command c on object id p0
2026-03-02 09:43:50,855 | INFO     | Received command c on object id p0
2026-03-02 09:43:51,855 | INFO     | Received command c on object id p0
2026-03-02 09:43:52,855 | INFO     | Received command c on object id p0
2026-03-02 09:43:53,855 | INFO     | Received command c on object id p0
2026-03-02 09:43:54,855 | INFO     | Received command c on object id p0
2026-03-02 09:43:55,855 | INFO     | Received command c on object id p0
2026-03-02 09:43:56,855 | INFO     | Received command c on object id p0
2026-03-02 09:43:57,855 | INFO     | Received command c on object id p0
2026-03-02 09:43:58,855 | INFO     | Received command c on object id p0
2026-03-02 09:43:59,855 | INFO     | Received command c on object id p0
2026-03-02 09:44:00,855 | INFO     | Received command c on object id p0
2026-03-02 09:44:01,855 | INFO     | Received command c on object id p0
2026-03-02 09:44:02,855 | INFO     | Received command c on object id p0
2026-03-02 09:44:03,855 | INFO     | Received command c on object id p0
2026-03-02 09:44:04,855 | INFO     | Received command c on object id p0
2026-03-02 09:44:05,855 | INFO     | Received command c on object id p0
2026-03-02 09:44:06,855 | INFO     | Received command c on object id p0
2026-03-02 09:44:07,855 | INFO     | Received command c on object id p0
2026-03-02 09:44:08,855 | INFO     | Received command c on object id p0
2026-03-02 09:44:09,855 | INFO     | Received command c on object id p0
2026-03-02 09:44:10,855 | INFO     | Received command c on object id p0
2026-03-02 09:44:11,855 | INFO     | Received command c on object id p0
2026-03-02 09:44:12,855 | INFO     | Received command c on object id p0
2026-03-02 09:44:13,855 | INFO     | Received command c on object id p0
2026-03-02 09:44:14,855 | INFO     | Received command c on object id p0
2026-03-02 09:44:15,855 | INFO     | Received command c on object id p0
2026-03-02 09:44:16,855 | INFO     | Received command c on object id p0
2026-03-02 09:44:17,855 | INFO     | Received command c on object id p0
2026-03-02 09:44:18,855 | INFO     | Received command c on object id p0
2026-03-02 09:44:19,855 | INFO     | Received command c on object id p0
2026-03-02 09:44:20,855 | INFO     | Received command c on object id p0
2026-03-02 09:44:21,855 | INFO     | Received command c on object id p0
2026-03-02 09:44:22,855 | INFO     | Received command c on object id p0
2026-03-02 09:44:23,855 | INFO     | Received command c on object id p0
2026-03-02 09:44:24,855 | INFO     | Received command c on object id p0
2026-03-02 09:44:25,855 | INFO     | Received command c on object id p0
2026-03-02 09:44:26,855 | INFO     | Received command c on object id p0
2026-03-02 09:44:27,855 | INFO     | Received command c on object id p0
2026-03-02 09:44:28,855 | INFO     | Received command c on object id p0
2026-03-02 09:44:29,855 | INFO     | Received command c on object id p0
2026-03-02 09:44:30,855 | INFO     | Received command c on object id p0
2026-03-02 09:44:31,855 | INFO     | Received command c on object id p0
2026-03-02 09:44:32,855 | INFO     | Received command c on object id p0
2026-03-02 09:44:33,855 | INFO     | Received command c on object id p0
2026-03-02 09:44:34,855 | INFO     | Received command c on object id p0
2026-03-02 09:44:35,855 | INFO     | Received command c on object id p0
2026-03-02 09:44:36,855 | INFO     | Received command c on object id p0
2026-03-02 09:44:37,855 | INFO     | Received command c on object id p0
2026-03-02 09:44:38,855 | INFO     | Received command c on object id p0
2026-03-02 09:44:39,855 | INFO     | Received command c on object id p0
2026-03-02 09:44:40,855 | INFO     | Received command c on object id p0
2026-03-02 09:44:41,855 | INFO     | Received command c on object id p0
2026-03-02 09:44:42,855 | INFO     | Received command c on object id p0
2026-03-02 09:44:43,855 | INFO     | Received command c on object id p0
2026-03-02 09:44:44,855 | INFO     | Received command c on object id p0
2026-03-02 09:44:45,855 | INFO     | Received command c on object id p0
2026-03-02 09:44:46,855 | INFO     | Received command c on object id p0
2026-03-02 09:44:47,855 | INFO     | Received command c on object id p0
2026-03-02 09:44:48,855 | INFO     | Received command c on object id p0
2026-03-02 09:44:49,857 | INFO     | Received command c on object id p0
2026-03-02 09:44:50,855 | INFO     | Received command c on object id p0
2026-03-02 09:44:51,855 | INFO     | Received command c on object id p0
2026-03-02 09:44:52,855 | INFO     | Received command c on object id p0
2026-03-02 09:44:53,855 | INFO     | Received command c on object id p0
2026-03-02 09:44:54,855 | INFO     | Received command c on object id p0
2026-03-02 09:44:55,855 | INFO     | Received command c on object id p0
2026-03-02 09:44:56,855 | INFO     | Received command c on object id p0
2026-03-02 09:44:57,855 | INFO     | Received command c on object id p0
2026-03-02 09:44:58,855 | INFO     | Received command c on object id p0
2026-03-02 09:44:59,855 | INFO     | Received command c on object id p0
2026-03-02 09:45:00,855 | INFO     | Received command c on object id p0
2026-03-02 09:45:01,855 | INFO     | Received command c on object id p0
2026-03-02 09:45:02,855 | INFO     | Received command c on object id p0
2026-03-02 09:45:03,855 | INFO     | Received command c on object id p0
2026-03-02 09:45:04,855 | INFO     | Received command c on object id p0
2026-03-02 09:45:05,855 | INFO     | Received command c on object id p0
2026-03-02 09:45:06,855 | INFO     | Received command c on object id p0
